# JRE version: OpenJDK Runtime Environment (8.0_152-b01) (build 1.8.0_152-release-1248-b01)
# Java VM: OpenJDK 64-Bit Server VM (25.152-b01 mixed mode linux-amd64 compressed oops)
Heap:
 PSYoungGen      total 349696K, used 76029K [0x00000000e0000000, 0x0000000100000000, 0x0000000100000000)
  eden space 175104K, 0% used [0x00000000e0000000,0x00000000e0000000,0x00000000eab00000)
  from space 174592K, 43% used [0x00000000f5580000,0x00000000f9fbf4c0,0x0000000100000000)
  to   space 174592K, 0% used [0x00000000eab00000,0x00000000eab00000,0x00000000f5580000)
 ParOldGen       total 479744K, used 479702K [0x00000000a0000000, 0x00000000bd480000, 0x00000000e0000000)
  object space 479744K, 99% used [0x00000000a0000000,0x00000000bd475878,0x00000000bd480000)
 Metaspace       used 166556K, capacity 174060K, committed 174464K, reserved 1200128K
  class space    used 21013K, capacity 22737K, committed 22912K, reserved 1048576K
GC Heap History (10 events):
Event: 12878,562 GC heap after
Heap after GC invocations=47 (full 9):
 PSYoungGen      total 349696K, used 125299K [0x00000000e0000000, 0x0000000100000000, 0x0000000100000000)
  eden space 175104K, 0% used [0x00000000e0000000,0x00000000e0000000,0x00000000eab00000)
  from space 174592K, 71% used [0x00000000f5580000,0x00000000fcfdcc78,0x0000000100000000)
  to   space 174592K, 0% used [0x00000000eab00000,0x00000000eab00000,0x00000000f5580000)
 ParOldGen       total 472576K, used 285945K [0x00000000a0000000, 0x00000000bcd80000, 0x00000000e0000000)
  object space 472576K, 60% used [0x00000000a0000000,0x00000000b173e5b8,0x00000000bcd80000)
 Metaspace       used 138974K, capacity 144866K, committed 145280K, reserved 1175552K
  class space    used 17210K, capacity 18586K, committed 18816K, reserved 1048576K
}
Event: 12879,472 GC heap before
{Heap before GC invocations=48 (full 9):
 PSYoungGen      total 349696K, used 300403K [0x00000000e0000000, 0x0000000100000000, 0x0000000100000000)
  eden space 175104K, 100% used [0x00000000e0000000,0x00000000eab00000,0x00000000eab00000)
  from space 174592K, 71% used [0x00000000f5580000,0x00000000fcfdcc78,0x0000000100000000)
  to   space 174592K, 0% used [0x00000000eab00000,0x00000000eab00000,0x00000000f5580000)
 ParOldGen       total 472576K, used 285945K [0x00000000a0000000, 0x00000000bcd80000, 0x00000000e0000000)
  object space 472576K, 60% used [0x00000000a0000000,0x00000000b173e5b8,0x00000000bcd80000)
 Metaspace       used 149164K, capacity 155662K, committed 156032K, reserved 1185792K
  class space    used 18652K, capacity 20130K, committed 20352K, reserved 1048576K
Event: 12879,598 GC heap after
Heap after GC invocations=48 (full 9):
 PSYoungGen      total 349696K, used 174586K [0x00000000e0000000, 0x0000000100000000, 0x0000000100000000)
  eden space 175104K, 0% used [0x00000000e0000000,0x00000000e0000000,0x00000000eab00000)
  from space 174592K, 99% used [0x00000000eab00000,0x00000000f557eb20,0x00000000f5580000)
  to   space 174592K, 0% used [0x00000000f5580000,0x00000000f5580000,0x0000000100000000)
 ParOldGen       total 472576K, used 304238K [0x00000000a0000000, 0x00000000bcd80000, 0x00000000e0000000)
  object space 472576K, 64% used [0x00000000a0000000,0x00000000b291b9a8,0x00000000bcd80000)
 Metaspace       used 149164K, capacity 155662K, committed 156032K, reserved 1185792K
  class space    used 18652K, capacity 20130K, committed 20352K, reserved 1048576K
}
Event: 13001,220 GC heap before
{Heap before GC invocations=49 (full 9):
 PSYoungGen      total 349696K, used 349690K [0x00000000e0000000, 0x0000000100000000, 0x0000000100000000)
  eden space 175104K, 100% used [0x00000000e0000000,0x00000000eab00000,0x00000000eab00000)
  from space 174592K, 99% used [0x00000000eab00000,0x00000000f557eb20,0x00000000f5580000)
  to   space 174592K, 0% used [0x00000000f5580000,0x00000000f5580000,0x0000000100000000)
 ParOldGen       total 472576K, used 304238K [0x00000000a0000000, 0x00000000bcd80000, 0x00000000e0000000)
  object space 472576K, 64% used [0x00000000a0000000,0x00000000b291b9a8,0x00000000bcd80000)
 Metaspace       used 159389K, capacity 166410K, committed 166784K, reserved 1193984K
  class space    used 20081K, capacity 21700K, committed 21888K, reserved 1048576K
Event: 13001,337 GC heap after
Heap after GC invocations=49 (full 9):
 PSYoungGen      total 349696K, used 169754K [0x00000000e0000000, 0x0000000100000000, 0x0000000100000000)
  eden space 175104K, 0% used [0x00000000e0000000,0x00000000e0000000,0x00000000eab00000)
  from space 174592K, 97% used [0x00000000f5580000,0x00000000ffb46ad0,0x0000000100000000)
  to   space 174592K, 0% used [0x00000000eab00000,0x00000000eab00000,0x00000000f5580000)
 ParOldGen       total 472576K, used 347729K [0x00000000a0000000, 0x00000000bcd80000, 0x00000000e0000000)
  object space 472576K, 73% used [0x00000000a0000000,0x00000000b53947b8,0x00000000bcd80000)
 Metaspace       used 159389K, capacity 166410K, committed 166784K, reserved 1193984K
  class space    used 20081K, capacity 21700K, committed 21888K, reserved 1048576K
}
Event: 13270,160 GC heap before
{Heap before GC invocations=50 (full 9):
 PSYoungGen      total 349696K, used 344858K [0x00000000e0000000, 0x0000000100000000, 0x0000000100000000)
  eden space 175104K, 100% used [0x00000000e0000000,0x00000000eab00000,0x00000000eab00000)
  from space 174592K, 97% used [0x00000000f5580000,0x00000000ffb46ad0,0x0000000100000000)
  to   space 174592K, 0% used [0x00000000eab00000,0x00000000eab00000,0x00000000f5580000)
 ParOldGen       total 472576K, used 347729K [0x00000000a0000000, 0x00000000bcd80000, 0x00000000e0000000)
  object space 472576K, 73% used [0x00000000a0000000,0x00000000b53947b8,0x00000000bcd80000)
 Metaspace       used 160830K, capacity 168046K, committed 168320K, reserved 1196032K
  class space    used 20250K, capacity 21926K, committed 22144K, reserved 1048576K
Event: 13270,301 GC heap after
Heap after GC invocations=50 (full 9):
 PSYoungGen      total 349696K, used 174577K [0x00000000e0000000, 0x0000000100000000, 0x0000000100000000)
  eden space 175104K, 0% used [0x00000000e0000000,0x00000000e0000000,0x00000000eab00000)
  from space 174592K, 99% used [0x00000000eab00000,0x00000000f557c438,0x00000000f5580000)
  to   space 174592K, 0% used [0x00000000f5580000,0x00000000f5580000,0x0000000100000000)
 ParOldGen       total 472576K, used 393836K [0x00000000a0000000, 0x00000000bcd80000, 0x00000000e0000000)
  object space 472576K, 83% used [0x00000000a0000000,0x00000000b809b260,0x00000000bcd80000)
 Metaspace       used 160830K, capacity 168046K, committed 168320K, reserved 1196032K
  class space    used 20250K, capacity 21926K, committed 22144K, reserved 1048576K
}
Event: 13271,301 GC heap before
{Heap before GC invocations=51 (full 9):
 PSYoungGen      total 349696K, used 349681K [0x00000000e0000000, 0x0000000100000000, 0x0000000100000000)
  eden space 175104K, 100% used [0x00000000e0000000,0x00000000eab00000,0x00000000eab00000)
  from space 174592K, 99% used [0x00000000eab00000,0x00000000f557c438,0x00000000f5580000)
  to   space 174592K, 0% used [0x00000000f5580000,0x00000000f5580000,0x0000000100000000)
 ParOldGen       total 472576K, used 393836K [0x00000000a0000000, 0x00000000bcd80000, 0x00000000e0000000)
  object space 472576K, 83% used [0x00000000a0000000,0x00000000b809b260,0x00000000bcd80000)
 Metaspace       used 166556K, capacity 174060K, committed 174464K, reserved 1200128K
  class space    used 21013K, capacity 22737K, committed 22912K, reserved 1048576K
Event: 13271,429 GC heap after
Heap after GC invocations=51 (full 9):
 PSYoungGen      total 349696K, used 105642K [0x00000000e0000000, 0x0000000100000000, 0x0000000100000000)
  eden space 175104K, 0% used [0x00000000e0000000,0x00000000e0000000,0x00000000eab00000)
  from space 174592K, 60% used [0x00000000f5580000,0x00000000fbcaaa58,0x0000000100000000)
  to   space 174592K, 0% used [0x00000000eab00000,0x00000000eab00000,0x00000000f5580000)
 ParOldGen       total 479744K, used 478974K [0x00000000a0000000, 0x00000000bd480000, 0x00000000e0000000)
  object space 479744K, 99% used [0x00000000a0000000,0x00000000bd3bf8f0,0x00000000bd480000)
 Metaspace       used 166556K, capacity 174060K, committed 174464K, reserved 1200128K
  class space    used 21013K, capacity 22737K, committed 22912K, reserved 1048576K
}
Event: 13271,429 GC heap before
{Heap before GC invocations=52 (full 10):
 PSYoungGen      total 349696K, used 105642K [0x00000000e0000000, 0x0000000100000000, 0x0000000100000000)
  eden space 175104K, 0% used [0x00000000e0000000,0x00000000e0000000,0x00000000eab00000)
  from space 174592K, 60% used [0x00000000f5580000,0x00000000fbcaaa58,0x0000000100000000)
  to   space 174592K, 0% used [0x00000000eab00000,0x00000000eab00000,0x00000000f5580000)
 ParOldGen       total 479744K, used 478974K [0x00000000a0000000, 0x00000000bd480000, 0x00000000e0000000)
  object space 479744K, 99% used [0x00000000a0000000,0x00000000bd3bf8f0,0x00000000bd480000)
 Metaspace       used 166556K, capacity 174060K, committed 174464K, reserved 1200128K
  class space    used 21013K, capacity 22737K, committed 22912K, reserved 1048576K

