# JRE version: OpenJDK Runtime Environment (8.0_152-b01) (build 1.8.0_152-release-1248-b01)
# Java VM: OpenJDK 64-Bit Server VM (25.152-b01 mixed mode linux-amd64 compressed oops)
Heap:
 PSYoungGen      total 308224K, used 24053K [0x00000000e0000000, 0x00000000f4480000, 0x0000000100000000)
  eden space 284160K, 0% used [0x00000000e0000000,0x00000000e0000000,0x00000000f1580000)
  from space 24064K, 99% used [0x00000000f1580000,0x00000000f2cfd520,0x00000000f2d00000)
  to   space 20992K, 0% used [0x00000000f3000000,0x00000000f3000000,0x00000000f4480000)
 ParOldGen       total 158720K, used 158381K [0x00000000a0000000, 0x00000000a9b00000, 0x00000000e0000000)
  object space 158720K, 99% used [0x00000000a0000000,0x00000000a9aab4c0,0x00000000a9b00000)
 Metaspace       used 117119K, capacity 125750K, committed 126080K, reserved 1159168K
  class space    used 14483K, capacity 16060K, committed 16256K, reserved 1048576K
GC Heap History (10 events):
Event: 14383,391 GC heap after
Heap after GC invocations=114 (full 6):
 PSYoungGen      total 251392K, used 6720K [0x00000000e0000000, 0x00000000f1180000, 0x0000000100000000)
  eden space 226816K, 0% used [0x00000000e0000000,0x00000000e0000000,0x00000000edd80000)
  from space 24576K, 27% used [0x00000000ef980000,0x00000000f00100b0,0x00000000f1180000)
  to   space 26624K, 0% used [0x00000000edd80000,0x00000000edd80000,0x00000000ef780000)
 ParOldGen       total 144896K, used 94204K [0x00000000a0000000, 0x00000000a8d80000, 0x00000000e0000000)
  object space 144896K, 65% used [0x00000000a0000000,0x00000000a5bff0b0,0x00000000a8d80000)
 Metaspace       used 116048K, capacity 124514K, committed 124800K, reserved 1157120K
  class space    used 14406K, capacity 15988K, committed 16256K, reserved 1048576K
}
Event: 14384,062 GC heap before
{Heap before GC invocations=115 (full 6):
 PSYoungGen      total 251392K, used 233536K [0x00000000e0000000, 0x00000000f1180000, 0x0000000100000000)
  eden space 226816K, 100% used [0x00000000e0000000,0x00000000edd80000,0x00000000edd80000)
  from space 24576K, 27% used [0x00000000ef980000,0x00000000f00100b0,0x00000000f1180000)
  to   space 26624K, 0% used [0x00000000edd80000,0x00000000edd80000,0x00000000ef780000)
 ParOldGen       total 144896K, used 94204K [0x00000000a0000000, 0x00000000a8d80000, 0x00000000e0000000)
  object space 144896K, 65% used [0x00000000a0000000,0x00000000a5bff0b0,0x00000000a8d80000)
 Metaspace       used 116167K, capacity 124722K, committed 125056K, reserved 1159168K
  class space    used 14406K, capacity 15988K, committed 16256K, reserved 1048576K
Event: 14384,074 GC heap after
Heap after GC invocations=115 (full 6):
 PSYoungGen      total 253440K, used 6706K [0x00000000e0000000, 0x00000000f2d80000, 0x0000000100000000)
  eden space 226816K, 0% used [0x00000000e0000000,0x00000000e0000000,0x00000000edd80000)
  from space 26624K, 25% used [0x00000000edd80000,0x00000000ee40c9d8,0x00000000ef780000)
  to   space 26112K, 0% used [0x00000000f1400000,0x00000000f1400000,0x00000000f2d80000)
 ParOldGen       total 144896K, used 97532K [0x00000000a0000000, 0x00000000a8d80000, 0x00000000e0000000)
  object space 144896K, 67% used [0x00000000a0000000,0x00000000a5f3f238,0x00000000a8d80000)
 Metaspace       used 116167K, capacity 124722K, committed 125056K, reserved 1159168K
  class space    used 14406K, capacity 15988K, committed 16256K, reserved 1048576K
}
Event: 14384,559 GC heap before
{Heap before GC invocations=116 (full 6):
 PSYoungGen      total 253440K, used 233522K [0x00000000e0000000, 0x00000000f2d80000, 0x0000000100000000)
  eden space 226816K, 100% used [0x00000000e0000000,0x00000000edd80000,0x00000000edd80000)
  from space 26624K, 25% used [0x00000000edd80000,0x00000000ee40c9d8,0x00000000ef780000)
  to   space 26112K, 0% used [0x00000000f1400000,0x00000000f1400000,0x00000000f2d80000)
 ParOldGen       total 144896K, used 97532K [0x00000000a0000000, 0x00000000a8d80000, 0x00000000e0000000)
  object space 144896K, 67% used [0x00000000a0000000,0x00000000a5f3f238,0x00000000a8d80000)
 Metaspace       used 116240K, capacity 124798K, committed 125312K, reserved 1159168K
  class space    used 14406K, capacity 15988K, committed 16256K, reserved 1048576K
Event: 14384,567 GC heap after
Heap after GC invocations=116 (full 6):
 PSYoungGen      total 277504K, used 7500K [0x00000000e0000000, 0x00000000f2a80000, 0x0000000100000000)
  eden space 254464K, 0% used [0x00000000e0000000,0x00000000e0000000,0x00000000ef880000)
  from space 23040K, 32% used [0x00000000f1400000,0x00000000f1b533c8,0x00000000f2a80000)
  to   space 25600K, 0% used [0x00000000ef880000,0x00000000ef880000,0x00000000f1180000)
 ParOldGen       total 144896K, used 100697K [0x00000000a0000000, 0x00000000a8d80000, 0x00000000e0000000)
  object space 144896K, 69% used [0x00000000a0000000,0x00000000a6256668,0x00000000a8d80000)
 Metaspace       used 116240K, capacity 124798K, committed 125312K, reserved 1159168K
  class space    used 14406K, capacity 15988K, committed 16256K, reserved 1048576K
}
Event: 14385,069 GC heap before
{Heap before GC invocations=117 (full 6):
 PSYoungGen      total 277504K, used 261964K [0x00000000e0000000, 0x00000000f2a80000, 0x0000000100000000)
  eden space 254464K, 100% used [0x00000000e0000000,0x00000000ef880000,0x00000000ef880000)
  from space 23040K, 32% used [0x00000000f1400000,0x00000000f1b533c8,0x00000000f2a80000)
  to   space 25600K, 0% used [0x00000000ef880000,0x00000000ef880000,0x00000000f1180000)
 ParOldGen       total 144896K, used 100697K [0x00000000a0000000, 0x00000000a8d80000, 0x00000000e0000000)
  object space 144896K, 69% used [0x00000000a0000000,0x00000000a6256668,0x00000000a8d80000)
 Metaspace       used 116276K, capacity 124870K, committed 125312K, reserved 1159168K
  class space    used 14406K, capacity 15988K, committed 16256K, reserved 1048576K
Event: 14385,105 GC heap after
Heap after GC invocations=117 (full 6):
 PSYoungGen      total 280064K, used 5859K [0x00000000e0000000, 0x00000000f4880000, 0x0000000100000000)
  eden space 254464K, 0% used [0x00000000e0000000,0x00000000e0000000,0x00000000ef880000)
  from space 25600K, 22% used [0x00000000ef880000,0x00000000efe38c28,0x00000000f1180000)
  to   space 25088K, 0% used [0x00000000f3000000,0x00000000f3000000,0x00000000f4880000)
 ParOldGen       total 144896K, used 106232K [0x00000000a0000000, 0x00000000a8d80000, 0x00000000e0000000)
  object space 144896K, 73% used [0x00000000a0000000,0x00000000a67be088,0x00000000a8d80000)
 Metaspace       used 116276K, capacity 124870K, committed 125312K, reserved 1159168K
  class space    used 14406K, capacity 15988K, committed 16256K, reserved 1048576K
}
Event: 14385,707 GC heap before
{Heap before GC invocations=118 (full 6):
 PSYoungGen      total 280064K, used 260323K [0x00000000e0000000, 0x00000000f4880000, 0x0000000100000000)
  eden space 254464K, 100% used [0x00000000e0000000,0x00000000ef880000,0x00000000ef880000)
  from space 25600K, 22% used [0x00000000ef880000,0x00000000efe38c28,0x00000000f1180000)
  to   space 25088K, 0% used [0x00000000f3000000,0x00000000f3000000,0x00000000f4880000)
 ParOldGen       total 144896K, used 106232K [0x00000000a0000000, 0x00000000a8d80000, 0x00000000e0000000)
  object space 144896K, 73% used [0x00000000a0000000,0x00000000a67be088,0x00000000a8d80000)
 Metaspace       used 116507K, capacity 125042K, committed 125312K, reserved 1159168K
  class space    used 14422K, capacity 15994K, committed 16256K, reserved 1048576K
Event: 14385,722 GC heap after
Heap after GC invocations=118 (full 6):
 PSYoungGen      total 305152K, used 5495K [0x00000000e0000000, 0x00000000f4480000, 0x0000000100000000)
  eden space 284160K, 0% used [0x00000000e0000000,0x00000000e0000000,0x00000000f1580000)
  from space 20992K, 26% used [0x00000000f3000000,0x00000000f355de80,0x00000000f4480000)
  to   space 24064K, 0% used [0x00000000f1580000,0x00000000f1580000,0x00000000f2d00000)
 ParOldGen       total 144896K, used 107173K [0x00000000a0000000, 0x00000000a8d80000, 0x00000000e0000000)
  object space 144896K, 73% used [0x00000000a0000000,0x00000000a68a9650,0x00000000a8d80000)
 Metaspace       used 116507K, capacity 125042K, committed 125312K, reserved 1159168K
  class space    used 14422K, capacity 15994K, committed 16256K, reserved 1048576K
}
Event: 14387,077 GC heap before
{Heap before GC invocations=119 (full 6):
 PSYoungGen      total 305152K, used 289655K [0x00000000e0000000, 0x00000000f4480000, 0x0000000100000000)
  eden space 284160K, 100% used [0x00000000e0000000,0x00000000f1580000,0x00000000f1580000)
  from space 20992K, 26% used [0x00000000f3000000,0x00000000f355de80,0x00000000f4480000)
  to   space 24064K, 0% used [0x00000000f1580000,0x00000000f1580000,0x00000000f2d00000)
 ParOldGen       total 144896K, used 107173K [0x00000000a0000000, 0x00000000a8d80000, 0x00000000e0000000)
  object space 144896K, 73% used [0x00000000a0000000,0x00000000a68a9650,0x00000000a8d80000)
 Metaspace       used 117119K, capacity 125750K, committed 126080K, reserved 1159168K
  class space    used 14483K, capacity 16060K, committed 16256K, reserved 1048576K

